<?xml version="1.0" encoding="UTF-8"?>
<!-- Generated by org.testng.reporters.JUnitXMLReporter -->
<testsuite ignored="0" hostname="DESKTOP-PTC7N5O" failures="2" tests="3" name="Release 2023.5 Sanity Testing" time="22.847" errors="0" timestamp="2023-11-12T14:16:38 IST">
  <testcase classname="com.testNg.com.testNg_test.BeforeAfterMethod" name="verifyPageTitle1" time="2.688"/>
  <testcase classname="com.testNg.com.testNg_test.BeforeAfterMethod" name="verifyPageTitle2" time="2.682">
    <failure type="java.lang.AssertionError" message="expected [Rediff.com: News | Rediffmail | Stock Quotes | Shopping] but found [Yahoo]">
      <![CDATA[java.lang.AssertionError: expected [Rediff.com: News | Rediffmail | Stock Quotes | Shopping] but found [Yahoo]
at com.testNg.com.testNg_test.BeforeAfterMethod.verifyPageTitle2(BeforeAfterMethod.java:28)
at java.base/java.util.ArrayList.forEach(ArrayList.java:1511)
... Removed 33 stack frames]]>
    </failure>
  </testcase> <!-- verifyPageTitle2 -->
  <testcase classname="com.testNg.com.testNg_test.Ebay_Home_Sanity" name="empty_search_test_softassert" time="8.888">
    <failure type="java.lang.AssertionError" message="The following asserts failed:
	Verify URL of the new page expected [https://www.ebay.com/v/allcategories] but found [https://www.ebay.com/n/all-categories?_from=R40&amp;amp;_trksid=p2380057.m570.l1313&amp;amp;_nkw=&amp;amp;_sacat=0],
	Verify Title of the new page expected [All Categories - Browse and Discover more | eBay] but found [Shop by Category | eBay]">
      <![CDATA[java.lang.AssertionError: The following asserts failed:
Verify URL of the new page expected [https://www.ebay.com/v/allcategories] but found [https://www.ebay.com/n/all-categories?_from=R40&_trksid=p2380057.m570.l1313&_nkw=&_sacat=0],
Verify Title of the new page expected [All Categories - Browse and Discover more | eBay] but found [Shop by Category | eBay]
at com.testNg.com.testNg_test.Ebay_Home_Sanity.empty_search_test_softassert(Ebay_Home_Sanity.java:98)
at java.base/java.util.ArrayList.forEach(ArrayList.java:1511)
... Removed 29 stack frames]]>
    </failure>
  </testcase> <!-- empty_search_test_softassert -->
</testsuite> <!-- Release 2023.5 Sanity Testing -->
